Daily update - 2025-06-22T$(date -u +%H:%M:%S)Z
Initial setup for DevSync automated workflow management
---
Daily update - Sun Jun 22 16:33:01 UTC 2025
Automated commit for DevSync workflow management
---
Daily update - Mon Jun 23 09:41:10 UTC 2025
Automated commit for DevSync workflow management
---
Daily update - Tue Jun 24 09:40:30 UTC 2025
Automated commit for DevSync workflow management
---
Daily update - Wed Jun 25 09:40:50 UTC 2025
Automated commit for DevSync workflow management
---
Daily update - Thu Jun 26 09:40:01 UTC 2025
Automated commit for DevSync workflow management
---
Daily update - Fri Jun 27 09:39:21 UTC 2025
Automated commit for DevSync workflow management
---
